  1.000 0.075 0.076  0.44526E+04  0.99002E+00    -0.24  -402.17   0.44909E+04       1.01875       1.01882
  1.100 0.083 0.083  0.30412E+04  0.98777E+00    -0.24  -366.04   0.30506E+04       1.01553       1.01557
  1.200 0.090 0.091  0.21473E+04  0.98529E+00    -0.24  -335.97   0.21433E+04       1.01307       1.01311
  1.300 0.098 0.098  0.15590E+04  0.98259E+00    -0.24  -310.56   0.15489E+04       1.01116       1.01119
  1.400 0.105 0.106  0.11590E+04  0.97968E+00    -0.24  -288.82   0.11464E+04       1.00965       1.00966
  1.500 0.113 0.113  0.87949E+03  0.97654E+00    -0.24  -270.00   0.86609E+03       1.00842       1.00844
  1.600 0.120 0.121  0.67938E+03  0.97318E+00    -0.24  -253.57   0.66607E+03       1.00742       1.00743
  1.700 0.128 0.128  0.53308E+03  0.96961E+00    -0.24  -239.10   0.52029E+03       1.00659       1.00660
  1.800 0.135 0.136  0.42412E+03  0.96583E+00    -0.24  -226.26   0.41205E+03       1.00590       1.00591
  1.900 0.143 0.144  0.34163E+03  0.96184E+00    -0.24  -214.80   0.33034E+03       1.00531       1.00532
  2.000 0.150 0.151  0.27826E+03  0.95765E+00    -0.25  -204.50   0.26776E+03       1.00481       1.00481
  2.100 0.158 0.159  0.22892E+03  0.95325E+00    -0.25  -195.21   0.21917E+03       1.00438       1.00438
  2.200 0.165 0.166  0.19005E+03  0.94864E+00    -0.25  -186.79   0.18101E+03       1.00400       1.00401
  2.300 0.173 0.174  0.15909E+03  0.94384E+00    -0.25  -179.12   0.15071E+03       1.00368       1.00368
  2.400 0.180 0.181  0.13418E+03  0.93885E+00    -0.25  -172.11   0.12640E+03       1.00339       1.00339
  2.500 0.188 0.189  0.11397E+03  0.93366E+00    -0.25  -165.68   0.10674E+03       1.00314       1.00314
  2.600 0.195 0.197  0.97416E+02  0.92829E+00    -0.25  -159.76   0.90694E+02       1.00291       1.00292
  2.700 0.203 0.204  0.83765E+02  0.92273E+00    -0.25  -154.29   0.77502E+02       1.00271       1.00272
  2.800 0.210 0.212  0.72423E+02  0.91698E+00    -0.26  -149.24   0.66579E+02       1.00254       1.00254
  2.900 0.218 0.219  0.62937E+02  0.91107E+00    -0.26  -144.54   0.57476E+02       1.00238       1.00238
  3.000 0.226 0.227  0.54955E+02  0.90497E+00    -0.26  -140.18   0.49844E+02       1.00223       1.00223
  3.100 0.233 0.234  0.48198E+02  0.89871E+00    -0.26  -136.12   0.43408E+02       1.00210       1.00210
  3.200 0.241 0.242  0.42449E+02  0.89229E+00    -0.26  -132.32   0.37952E+02       1.00198       1.00198
  3.300 0.248 0.249  0.37532E+02  0.88570E+00    -0.26  -128.77   0.33304E+02       1.00187       1.00188
  3.400 0.256 0.257  0.33307E+02  0.87895E+00    -0.27  -125.44   0.29327E+02       1.00178       1.00178
  3.500 0.263 0.265  0.29660E+02  0.87205E+00    -0.27  -122.31   0.25908E+02       1.00169       1.00169
  3.600 0.271 0.272  0.26498E+02  0.86500E+00    -0.27  -119.37   0.22958E+02       1.00160       1.00160
  3.700 0.278 0.280  0.23747E+02  0.85781E+00    -0.27  -116.60   0.20401E+02       1.00153       1.00153
  3.800 0.286 0.287  0.21344E+02  0.85048E+00    -0.27  -113.99   0.18179E+02       1.00146       1.00146
  3.900 0.293 0.295  0.19237E+02  0.84301E+00    -0.28  -111.53   0.16239E+02       1.00139       1.00139
  4.000 0.301 0.302  0.17383E+02  0.83541E+00    -0.28  -109.20   0.14542E+02       1.00133       1.00133
  4.100 0.308 0.310  0.15748E+02  0.82768E+00    -0.28  -107.00   0.13051E+02       1.00128       1.00128
  4.200 0.316 0.317  0.14301E+02  0.81984E+00    -0.28  -104.91   0.11739E+02       1.00123       1.00123
  4.300 0.323 0.325  0.13016E+02  0.81187E+00    -0.29  -102.93   0.10579E+02       1.00118       1.00118
  4.400 0.331 0.332  0.11872E+02  0.80380E+00    -0.29  -101.06   0.95532E+01       1.00113       1.00113
  4.500 0.338 0.340  0.10851E+02  0.79561E+00    -0.29   -99.27   0.86424E+01       1.00109       1.00109
  4.600 0.346 0.348  0.99372E+01  0.78733E+00    -0.29   -97.58   0.78320E+01       1.00105       1.00105
  4.700 0.353 0.355  0.91178E+01  0.77894E+00    -0.29   -95.97   0.71094E+01       1.00102       1.00102
  4.800 0.361 0.363  0.83811E+01  0.77046E+00    -0.30   -94.43   0.64637E+01       1.00098       1.00098
  4.900 0.368 0.370  0.77173E+01  0.76190E+00    -0.30   -92.97   0.58854E+01       1.00095       1.00095
  5.000 0.376 0.378  0.71179E+01  0.75325E+00    -0.30   -91.57   0.53665E+01       1.00092       1.00092
  5.100 0.383 0.385  0.65756E+01  0.74452E+00    -0.31   -90.24   0.49001E+01       1.00089       1.00089
  5.200 0.391 0.393  0.60840E+01  0.73572E+00    -0.31   -88.97   0.44800E+01       1.00087       1.00087
  5.300 0.398 0.400  0.56374E+01  0.72685E+00    -0.31   -87.76   0.41010E+01       1.00084       1.00084
  5.400 0.406 0.408  0.52311E+01  0.71792E+00    -0.31   -86.60   0.37586E+01       1.00082       1.00082
  5.500 0.413 0.416  0.48607E+01  0.70893E+00    -0.32   -85.49   0.34486E+01       1.00080       1.00080
  5.600 0.421 0.423  0.45225E+01  0.69988E+00    -0.32   -84.43   0.31677E+01       1.00078       1.00078
  5.700 0.428 0.431  0.42132E+01  0.69078E+00    -0.32   -83.42   0.29126E+01       1.00076       1.00076
  5.800 0.436 0.438  0.39299E+01  0.68164E+00    -0.33   -82.45   0.26808E+01       1.00074       1.00074
  5.900 0.443 0.446  0.36700E+01  0.67246E+00    -0.33   -81.52   0.24697E+01       1.00072       1.00072
  6.000 0.451 0.453  0.34312E+01  0.66324E+00    -0.33   -80.63   0.22773E+01       1.00070       1.00070
  6.100 0.458 0.461  0.32116E+01  0.65400E+00    -0.34   -79.78   0.21018E+01       1.00069       1.00069
  6.200 0.466 0.468  0.30092E+01  0.64472E+00    -0.34   -78.96   0.19414E+01       1.00067       1.00067
  6.300 0.473 0.476  0.28225E+01  0.63543E+00    -0.34   -78.18   0.17947E+01       1.00066       1.00066
  6.400 0.481 0.483  0.26501E+01  0.62612E+00    -0.35   -77.43   0.16603E+01       1.00064       1.00064
  6.500 0.488 0.491  0.24906E+01  0.61679E+00    -0.35   -76.71   0.15371E+01       1.00063       1.00063
  6.600 0.496 0.499  0.23429E+01  0.60746E+00    -0.35   -76.02   0.14241E+01       1.00062       1.00062
  6.700 0.503 0.506  0.22060E+01  0.59813E+00    -0.36   -75.36   0.13203E+01       1.00061       1.00061
  6.800 0.511 0.514  0.20790E+01  0.58879E+00    -0.36   -74.72   0.12248E+01       1.00060       1.00060
  6.900 0.518 0.521  0.19610E+01  0.57947E+00    -0.37   -74.11   0.11370E+01       1.00058       1.00059
  7.000 0.526 0.529  0.18512E+01  0.57015E+00    -0.37   -73.53   0.10561E+01       1.00057       1.00058
  7.100 0.533 0.536  0.17490E+01  0.56084E+00    -0.37   -72.97   0.98147E+00       1.00056       1.00057
  7.200 0.541 0.544  0.16538E+01  0.55155E+00    -0.38   -72.43   0.91264E+00       1.00056       1.00056
  7.300 0.548 0.551  0.15649E+01  0.54228E+00    -0.38   -71.92   0.84908E+00       1.00055       1.00055
  7.400 0.556 0.559  0.14819E+01  0.53304E+00    -0.39   -71.42   0.79036E+00       1.00054       1.00054
  7.500 0.563 0.566  0.14044E+01  0.52383E+00    -0.39   -70.95   0.73605E+00       1.00053       1.00053
  7.600 0.571 0.574  0.13318E+01  0.51465E+00    -0.39   -70.49   0.68579E+00       1.00052       1.00052
  7.700 0.578 0.581  0.12639E+01  0.50551E+00    -0.40   -70.05   0.63925E+00       1.00052       1.00052
  7.800 0.586 0.589  0.12003E+01  0.49640E+00    -0.40   -69.64   0.59612E+00       1.00051       1.00051
  7.900 0.593 0.596  0.11406E+01  0.48734E+00    -0.41   -69.23   0.55613E+00       1.00050       1.00050
  8.000 0.601 0.604  0.10845E+01  0.47833E+00    -0.41   -68.85   0.51902E+00       1.00050       1.00050
  8.100 0.608 0.612  0.10319E+01  0.46937E+00    -0.42   -68.48   0.48458E+00       1.00049       1.00049
  8.200 0.616 0.619  0.98242E+00  0.46046E+00    -0.42   -68.13   0.45258E+00       1.00048       1.00049
  8.300 0.623 0.627  0.93587E+00  0.45160E+00    -0.43   -67.79   0.42285E+00       1.00048       1.00048
  8.400 0.631 0.634  0.89204E+00  0.44281E+00    -0.43   -67.47   0.39519E+00       1.00047       1.00047
  8.500 0.638 0.642  0.85074E+00  0.43408E+00    -0.44   -67.16   0.36946E+00       1.00047       1.00047
  8.600 0.646 0.649  0.81180E+00  0.42542E+00    -0.44   -66.86   0.34552E+00       1.00046       1.00047
  8.700 0.653 0.657  0.77507E+00  0.41682E+00    -0.45   -66.58   0.32321E+00       1.00046       1.00046
  8.800 0.661 0.664  0.74039E+00  0.40829E+00    -0.45   -66.31   0.30243E+00       1.00046       1.00046
  8.900 0.668 0.672  0.70762E+00  0.39984E+00    -0.46   -66.06   0.28306E+00       1.00045       1.00045
  9.000 0.676 0.679  0.67665E+00  0.39146E+00    -0.46   -65.81   0.26500E+00       1.00045       1.00045
  9.100 0.683 0.687  0.64735E+00  0.38317E+00    -0.47   -65.58   0.24815E+00       1.00044       1.00045
  9.200 0.691 0.694  0.61962E+00  0.37495E+00    -0.47   -65.36   0.23243E+00       1.00044       1.00044
  9.300 0.698 0.702  0.59335E+00  0.36681E+00    -0.48   -65.14   0.21774E+00       1.00044       1.00044
  9.400 0.706 0.709  0.56846E+00  0.35876E+00    -0.48   -64.94   0.20403E+00       1.00043       1.00044
  9.500 0.713 0.717  0.54486E+00  0.35080E+00    -0.49   -64.75   0.19122E+00       1.00043       1.00043
  9.600 0.721 0.724  0.52248E+00  0.34292E+00    -0.49   -64.57   0.17925E+00       1.00043       1.00043
  9.700 0.728 0.732  0.50123E+00  0.33514E+00    -0.50   -64.40   0.16805E+00       1.00043       1.00043
  9.800 0.736 0.739  0.48105E+00  0.32744E+00    -0.50   -64.24   0.15758E+00       1.00042       1.00042
  9.900 0.743 0.747  0.46187E+00  0.31984E+00    -0.51   -64.09   0.14779E+00       1.00042       1.00042
 10.000 0.750 0.755  0.44364E+00  0.31233E+00    -0.52   -63.95   0.13862E+00       1.00042       1.00042
 10.100 0.758 0.762  0.42629E+00  0.30493E+00    -0.52   -63.82   0.13004E+00       1.00042       1.00042
 10.200 0.765 0.770  0.40979E+00  0.29761E+00    -0.53   -63.69   0.12201E+00       1.00042       1.00042
 10.300 0.773 0.777  0.39408E+00  0.29040E+00    -0.53   -63.58   0.11449E+00       1.00041       1.00041
 10.400 0.780 0.785  0.37911E+00  0.28329E+00    -0.54   -63.47   0.10744E+00       1.00041       1.00041
 10.500 0.788 0.792  0.36484E+00  0.27627E+00    -0.55   -63.37   0.10084E+00       1.00041       1.00041
 10.600 0.795 0.800  0.35124E+00  0.26936E+00    -0.55   -63.28   0.94650E-01       1.00041       1.00041
 10.700 0.803 0.807  0.33827E+00  0.26256E+00    -0.56   -63.20   0.88850E-01       1.00041       1.00041
 10.800 0.810 0.815  0.32588E+00  0.25585E+00    -0.57   -63.12   0.83412E-01       1.00041       1.00041
 10.900 0.818 0.822  0.31406E+00  0.24925E+00    -0.57   -63.05   0.78312E-01       1.00040       1.00041
 11.000 0.825 0.830  0.30277E+00  0.24275E+00    -0.58   -62.99   0.73529E-01       1.00040       1.00040
 11.100 0.833 0.837  0.29199E+00  0.23636E+00    -0.59   -62.94   0.69042E-01       1.00040       1.00040
 11.200 0.840 0.845  0.28167E+00  0.23008E+00    -0.59   -62.89   0.64832E-01       1.00040       1.00040
 11.300 0.848 0.852  0.27181E+00  0.22389E+00    -0.60   -62.85   0.60881E-01       1.00040       1.00040
 11.400 0.855 0.860  0.26238E+00  0.21782E+00    -0.61   -62.82   0.57174E-01       1.00040       1.00040
 11.500 0.863 0.867  0.25335E+00  0.21185E+00    -0.61   -62.79   0.53693E-01       1.00040       1.00040
 11.600 0.870 0.875  0.24470E+00  0.20599E+00    -0.62   -62.77   0.50426E-01       1.00040       1.00040
 11.700 0.877 0.882  0.23642E+00  0.20023E+00    -0.63   -62.76   0.47359E-01       1.00040       1.00040
 11.800 0.885 0.890  0.22849E+00  0.19458E+00    -0.63   -62.75   0.44478E-01       1.00040       1.00040
 11.900 0.892 0.897  0.22089E+00  0.18904E+00    -0.64   -62.75   0.41773E-01       1.00040       1.00040
 12.000 0.900 0.905  0.21360E+00  0.18360E+00    -0.65   -62.76   0.39232E-01       1.00040       1.00040
 12.100 0.907 0.912  0.20660E+00  0.17827E+00    -0.66   -62.77   0.36845E-01       1.00040       1.00040
 12.200 0.915 0.920  0.19989E+00  0.17304E+00    -0.66   -62.79   0.34603E-01       1.00040       1.00040
 12.300 0.922 0.927  0.19345E+00  0.16792E+00    -0.67   -62.81   0.32497E-01       1.00040       1.00040
 12.400 0.930 0.935  0.18727E+00  0.16290E+00    -0.68   -62.84   0.30518E-01       1.00040       1.00040
 12.500 0.937 0.942  0.18133E+00  0.15798E+00    -0.69   -62.88   0.28659E-01       1.00040       1.00040
 12.600 0.945 0.950  0.17563E+00  0.15317E+00    -0.70   -62.92   0.26912E-01       1.00040       1.00040
 12.700 0.952 0.957  0.17015E+00  0.14846E+00    -0.70   -62.97   0.25270E-01       1.00040       1.00040
 12.800 0.959 0.965  0.16488E+00  0.14385E+00    -0.71   -63.02   0.23728E-01       1.00040       1.00040
 12.900 0.967 0.972  0.15981E+00  0.13935E+00    -0.72   -63.08   0.22278E-01       1.00040       1.00040
 13.000 0.974 0.980  0.15493E+00  0.13494E+00    -0.73   -63.15   0.20915E-01       1.00040       1.00040
 13.100 0.982 0.987  0.15024E+00  0.13063E+00    -0.74   -63.22   0.19635E-01       1.00040       1.00040
 13.200 0.989 0.995  0.14573E+00  0.12643E+00    -0.75   -63.29   0.18431E-01       1.00040       1.00041
 13.300 0.997 1.002  0.14138E+00  0.12232E+00    -0.75   -63.38   0.17300E-01       1.00041       1.00041
 13.400 1.004 1.010  0.13719E+00  0.11830E+00    -0.76   -63.47   0.16237E-01       1.00041       1.00041
 13.500 1.012 1.017  0.13316E+00  0.11439E+00    -0.77   -63.56   0.15238E-01       1.00041       1.00041
 13.600 1.019 1.025  0.12927E+00  0.11056E+00    -0.78   -63.66   0.14299E-01       1.00041       1.00041
 13.700 1.026 1.032  0.12553E+00  0.10684E+00    -0.79   -63.77   0.13416E-01       1.00041       1.00041
 13.800 1.034 1.039  0.12191E+00  0.10320E+00    -0.80   -63.88   0.12587E-01       1.00041       1.00041
 13.900 1.041 1.047  0.11843E+00  0.99655E-01    -0.81   -63.99   0.11807E-01       1.00041       1.00041
 14.000 1.049 1.054  0.11507E+00  0.96201E-01    -0.82   -64.12   0.11075E-01       1.00041       1.00041
 14.100 1.056 1.062  0.11183E+00  0.92836E-01    -0.83   -64.24   0.10386E-01       1.00042       1.00042
 14.200 1.064 1.069  0.10870E+00  0.89559E-01    -0.84   -64.38   0.97392E-02       1.00042       1.00042
 14.300 1.071 1.077  0.10568E+00  0.86368E-01    -0.85   -64.52   0.91313E-02       1.00042       1.00042
 14.400 1.079 1.084  0.10277E+00  0.83264E-01    -0.86   -64.67   0.85602E-02       1.00042       1.00042
 14.500 1.086 1.092  0.99949E-01  0.80243E-01    -0.87   -64.82   0.80236E-02       1.00042       1.00042
 14.600 1.093 1.099  0.97228E-01  0.77305E-01    -0.88   -64.98   0.75194E-02       1.00042       1.00043
 14.700 1.101 1.107  0.94599E-01  0.74449E-01    -0.89   -65.14   0.70458E-02       1.00043       1.00043
 14.800 1.108 1.114  0.92058E-01  0.71673E-01    -0.90   -65.31   0.66009E-02       1.00043       1.00043
 14.900 1.116 1.122  0.89601E-01  0.68977E-01    -0.91   -65.49   0.61831E-02       1.00043       1.00043
 15.000 1.123 1.129  0.87226E-01  0.66358E-01    -0.92   -65.67   0.57906E-02       1.00043       1.00043
 15.100 1.131 1.137  0.84929E-01  0.63815E-01    -0.93   -65.86   0.54221E-02       1.00044       1.00044
 15.200 1.138 1.144  0.82706E-01  0.61347E-01    -0.94   -66.05   0.50760E-02       1.00044       1.00044
 15.300 1.145 1.152  0.80556E-01  0.58952E-01    -0.96   -66.26   0.47511E-02       1.00044       1.00044
 15.400 1.153 1.159  0.78475E-01  0.56630E-01    -0.97   -66.47   0.44460E-02       1.00044       1.00044
 15.500 1.160 1.166  0.76461E-01  0.54379E-01    -0.98   -66.68   0.41597E-02       1.00045       1.00045
 15.600 1.168 1.174  0.74510E-01  0.52197E-01    -0.99   -66.90   0.38909E-02       1.00045       1.00045
 15.700 1.175 1.181  0.72621E-01  0.50083E-01    -1.00   -67.13   0.36387E-02       1.00045       1.00045
 15.800 1.182 1.189  0.70792E-01  0.48036E-01    -1.02   -67.37   0.34021E-02       1.00046       1.00046
 15.900 1.190 1.196  0.69020E-01  0.46053E-01    -1.03   -67.61   0.31801E-02       1.00046       1.00046
 16.000 1.197 1.204  0.67302E-01  0.44135E-01    -1.04   -67.87   0.29718E-02       1.00046       1.00046
 16.100 1.205 1.211  0.65638E-01  0.42280E-01    -1.05   -68.12   0.27764E-02       1.00047       1.00047
 16.200 1.212 1.219  0.64024E-01  0.40485E-01    -1.07   -68.39   0.25933E-02       1.00047       1.00047
 16.300 1.220 1.226  0.62460E-01  0.38751E-01    -1.08   -68.67   0.24215E-02       1.00047       1.00047
 16.400 1.227 1.234  0.60943E-01  0.37074E-01    -1.09   -68.95   0.22605E-02       1.00048       1.00048
 16.500 1.234 1.241  0.59472E-01  0.35455E-01    -1.11   -69.24   0.21096E-02       1.00048       1.00048
 16.600 1.242 1.248  0.58045E-01  0.33892E-01    -1.12   -69.54   0.19682E-02       1.00048       1.00049
 16.700 1.249 1.256  0.56660E-01  0.32383E-01    -1.14   -69.85   0.18357E-02       1.00049       1.00049
 16.800 1.257 1.263  0.55316E-01  0.30927E-01    -1.15   -70.17   0.17116E-02       1.00049       1.00049
 16.900 1.264 1.271  0.54011E-01  0.29523E-01    -1.17   -70.49   0.15954E-02       1.00050       1.00050
 17.000 1.271 1.278  0.52745E-01  0.28169E-01    -1.18   -70.83   0.14865E-02       1.00050       1.00050
 17.100 1.279 1.286  0.51515E-01  0.26865E-01    -1.20   -71.18   0.13846E-02       1.00051       1.00051
 17.200 1.286 1.293  0.50321E-01  0.25608E-01    -1.21   -71.53   0.12893E-02       1.00051       1.00051
 17.300 1.294 1.301  0.49162E-01  0.24398E-01    -1.23   -71.90   0.12001E-02       1.00052       1.00052
 17.400 1.301 1.308  0.48035E-01  0.23234E-01    -1.24   -72.28   0.11166E-02       1.00052       1.00052
 17.500 1.308 1.315  0.46940E-01  0.22113E-01    -1.26   -72.67   0.10386E-02       1.00053       1.00053
 17.600 1.316 1.323  0.45876E-01  0.21036E-01    -1.28   -73.07   0.96558E-03       1.00053       1.00053
 17.700 1.323 1.330  0.44843E-01  0.20001E-01    -1.30   -73.48   0.89736E-03       1.00054       1.00054
 17.800 1.331 1.338  0.43837E-01  0.19006E-01    -1.31   -73.91   0.83361E-03       1.00054       1.00055
 17.900 1.338 1.345  0.42860E-01  0.18050E-01    -1.33   -74.35   0.77406E-03       1.00055       1.00055
 18.000 1.345 1.353  0.41910E-01  0.17133E-01    -1.35   -74.80   0.71844E-03       1.00056       1.00056
 18.100 1.353 1.360  0.40986E-01  0.16253E-01    -1.37   -75.26   0.66651E-03       1.00056       1.00056
 18.200 1.360 1.367  0.40087E-01  0.15409E-01    -1.39   -75.74   0.61805E-03       1.00057       1.00057
 18.300 1.367 1.375  0.39213E-01  0.14600E-01    -1.41   -76.24   0.57282E-03       1.00058       1.00058
 18.400 1.375 1.382  0.38362E-01  0.13824E-01    -1.43   -76.75   0.53064E-03       1.00059       1.00059
 18.500 1.382 1.390  0.37534E-01  0.13082E-01    -1.45   -77.28   0.49132E-03       1.00059       1.00059
 18.600 1.390 1.397  0.36728E-01  0.12371E-01    -1.47   -77.82   0.45466E-03       1.00060       1.00060
 18.700 1.397 1.404  0.35944E-01  0.11692E-01    -1.49   -78.39   0.42050E-03       1.00061       1.00061
 18.800 1.404 1.412  0.35180E-01  0.11042E-01    -1.51   -78.97   0.38869E-03       1.00062       1.00062
 18.900 1.412 1.419  0.34437E-01  0.10420E-01    -1.54   -79.57   0.35907E-03       1.00063       1.00063
 19.000 1.419 1.427  0.33713E-01  0.98271E-02    -1.56   -80.19   0.33151E-03       1.00064       1.00064
 19.100 1.426 1.434  0.33008E-01  0.92607E-02    -1.58   -80.83   0.30587E-03       1.00065       1.00065
 19.200 1.434 1.442  0.32321E-01  0.87203E-02    -1.61   -81.49   0.28203E-03       1.00066       1.00066
 19.300 1.441 1.449  0.31652E-01  0.82049E-02    -1.63   -82.18   0.25987E-03       1.00067       1.00067
 19.400 1.449 1.456  0.30999E-01  0.77138E-02    -1.66   -82.90   0.23929E-03       1.00068       1.00068
 19.500 1.456 1.464  0.30364E-01  0.72461E-02    -1.69   -83.63   0.22017E-03       1.00069       1.00069
 19.600 1.463 1.471  0.29745E-01  0.68009E-02    -1.72   -84.40   0.20243E-03       1.00070       1.00070
 19.700 1.471 1.479  0.29141E-01  0.63774E-02    -1.74   -85.19   0.18598E-03       1.00071       1.00071
 19.800 1.478 1.486  0.28553E-01  0.59748E-02    -1.77   -86.02   0.17072E-03       1.00073       1.00073
 19.900 1.485 1.493  0.27979E-01  0.55924E-02    -1.80   -86.88   0.15659E-03       1.00074       1.00074
 20.000 1.493 1.501  0.27419E-01  0.52294E-02    -1.84   -87.77   0.14349E-03       1.00075       1.00075
 20.100 1.500 1.508  0.26874E-01  0.48850E-02    -1.87   -88.69   0.13138E-03       1.00077       1.00077
 20.200 1.507 1.516  0.26342E-01  0.45585E-02    -1.90   -89.66   0.12017E-03       1.00078       1.00078
 20.300 1.515 1.523  0.25822E-01  0.42492E-02    -1.94   -90.66   0.10981E-03       1.00080       1.00080
 20.400 1.522 1.530  0.25316E-01  0.39565E-02    -1.97   -91.71   0.10025E-03       1.00082       1.00082
 20.500 1.529 1.538  0.24822E-01  0.36797E-02    -2.01   -92.80   0.91413E-04       1.00084       1.00084
 20.600 1.537 1.545  0.24340E-01  0.34181E-02    -2.05   -93.94   0.83265E-04       1.00085       1.00086
 20.700 1.544 1.552  0.23869E-01  0.31711E-02    -2.09   -95.14   0.75756E-04       1.00087       1.00088
 20.800 1.551 1.560  0.23410E-01  0.29380E-02    -2.13   -96.38   0.68840E-04       1.00090       1.00090
 20.900 1.559 1.567  0.22961E-01  0.27184E-02    -2.18   -97.69   0.62476E-04       1.00092       1.00092
 21.000 1.566 1.575  0.22523E-01  0.25116E-02    -2.22   -99.05   0.56624E-04       1.00094       1.00094
 21.100 1.573 1.582  0.22096E-01  0.23171E-02    -2.27  -100.49   0.51249E-04       1.00097       1.00097
 21.200 1.581 1.589  0.21679E-01  0.21344E-02    -2.32  -101.99   0.46316E-04       1.00100       1.00100
 21.300 1.588 1.597  0.21271E-01  0.19628E-02    -2.37  -103.57   0.41794E-04       1.00102       1.00102
 21.400 1.595 1.604  0.20873E-01  0.18020E-02    -2.43  -105.24   0.37652E-04       1.00105       1.00106
 21.500 1.603 1.611  0.20484E-01  0.16513E-02    -2.48  -106.99   0.33862E-04       1.00109       1.00109
 21.600 1.610 1.619  0.20104E-01  0.15104E-02    -2.54  -108.84   0.30400E-04       1.00112       1.00112
 21.700 1.617 1.626  0.19733E-01  0.13788E-02    -2.61  -110.79   0.27239E-04       1.00116       1.00116
 21.800 1.625 1.634  0.19370E-01  0.12561E-02    -2.67  -112.84   0.24359E-04       1.00120       1.00120
 21.900 1.632 1.641  0.19016E-01  0.11417E-02    -2.74  -115.02   0.21737E-04       1.00124       1.00125
 22.000 1.639 1.648  0.18669E-01  0.10354E-02    -2.82  -117.32   0.19354E-04       1.00129       1.00129
 22.100 1.647 1.656  0.18330E-01  0.93662E-03    -2.89  -119.77   0.17192E-04       1.00134       1.00134
 22.200 1.654 1.663  0.17999E-01  0.84510E-03    -2.98  -122.35   0.15233E-04       1.00140       1.00140
 22.300 1.661 1.670  0.17676E-01  0.76043E-03    -3.06  -125.10   0.13461E-04       1.00146       1.00146
 22.400 1.669 1.678  0.17359E-01  0.68226E-03    -3.16  -128.02   0.11862E-04       1.00152       1.00153
 22.500 1.676 1.685  0.17050E-01  0.61023E-03    -3.26  -131.12   0.10421E-04       1.00160       1.00160
 22.600 1.683 1.692  0.16747E-01  0.54403E-03    -3.36  -134.41   0.91262E-05       1.00168       1.00168
 22.700 1.691 1.700  0.16451E-01  0.48332E-03    -3.47  -137.91   0.79653E-05       1.00176       1.00176
 22.800 1.698 1.707  0.16162E-01  0.42781E-03    -3.59  -141.62   0.69271E-05       1.00186       1.00186
 22.900 1.705 1.714  0.15879E-01  0.37721E-03    -3.71  -145.54   0.60014E-05       1.00197       1.00197
 23.000 1.713 1.722  0.15602E-01  0.33123E-03    -3.84  -149.69   0.51785E-05       1.00209       1.00209
 23.100 1.720 1.729  0.15331E-01  0.28960E-03    -3.98  -154.04   0.44495E-05       1.00222       1.00222
 23.200 1.727 1.736  0.15065E-01  0.25206E-03    -4.12  -158.57   0.38063E-05       1.00237       1.00237
 23.300 1.734 1.744  0.14806E-01  0.21836E-03    -4.27  -163.23   0.32411E-05       1.00253       1.00253
 23.400 1.742 1.751  0.14552E-01  0.18827E-03    -4.42  -167.94   0.27470E-05       1.00272       1.00272
 23.500 1.749 1.758  0.14303E-01  0.16155E-03    -4.57  -172.56   0.23174E-05       1.00293       1.00293
 23.600 1.756 1.766  0.14060E-01  0.13800E-03    -4.71  -176.88   0.19463E-05       1.00316       1.00316
 23.700 1.764 1.773  0.13821E-01  0.11739E-03    -4.84  -180.56   0.16281E-05       1.00341       1.00341
 23.800 1.771 1.780  0.13588E-01  0.99542E-04    -4.93  -183.13   0.13576E-05       1.00369       1.00370
 23.900 1.778 1.788  0.13360E-01  0.84254E-04    -4.98  -183.88   0.11301E-05       1.00400       1.00400
 24.000 1.785 1.795  0.13136E-01  0.71348E-04    -4.94  -181.86   0.94128E-06       1.00431       1.00431
 24.100 1.793 1.802  0.12917E-01  0.60651E-04    -4.79  -175.85   0.78705E-06       1.00461       1.00462
 24.200 1.800 1.810  0.12703E-01  0.51999E-04    -4.48  -164.45   0.66375E-06       1.00488       1.00488
 24.300 1.807 1.817  0.12493E-01  0.45236E-04    -3.98  -146.38   0.56798E-06       1.00507       1.00508
 24.400 1.815 1.824  0.12287E-01  0.40213E-04    -3.27  -121.04   0.49663E-06       1.00514       1.00514
 24.500 1.822 1.832  0.12085E-01  0.36789E-04    -2.35   -89.08   0.44684E-06       1.00504       1.00504
 24.600 1.829 1.839  0.11888E-01  0.34830E-04    -1.30   -52.89   0.41601E-06       1.00474       1.00474
 24.700 1.836 1.846  0.11694E-01  0.34209E-04    -0.23   -16.16   0.40176E-06       1.00428       1.00428
 24.800 1.844 1.854  0.11505E-01  0.34806E-04     0.75    17.22   0.40191E-06       1.00370       1.00370
 24.900 1.851 1.861  0.11319E-01  0.36507E-04     1.56    44.46   0.41448E-06       1.00308       1.00308
 25.000 1.858 1.868  0.11137E-01  0.39204E-04     2.16    64.44   0.43768E-06       1.00248       1.00248
