  1.000 0.075 0.077  0.83166E+06  0.10345E+01    -0.23  -399.03   0.92359E+06       1.07354       1.07360
  1.100 0.083 0.085  0.56803E+06  0.10348E+01    -0.24  -364.01   0.62365E+06       1.06100       1.06104
  1.200 0.090 0.093  0.40107E+06  0.10337E+01    -0.24  -335.13   0.43593E+06       1.05152       1.05155
  1.300 0.098 0.101  0.29118E+06  0.10311E+01    -0.24  -310.96   0.31350E+06       1.04419       1.04421
  1.400 0.105 0.108  0.21648E+06  0.10269E+01    -0.24  -290.50   0.23085E+06       1.03840       1.03842
  1.500 0.113 0.116  0.16427E+06  0.10213E+01    -0.25  -273.00   0.17343E+06       1.03377       1.03378
  1.600 0.120 0.124  0.12690E+06  0.10140E+01    -0.25  -257.89   0.13254E+06       1.03000       1.03001
  1.700 0.128 0.132  0.99571E+05  0.10053E+01    -0.25  -244.75   0.10279E+06       1.02689       1.02690
  1.800 0.135 0.139  0.79220E+05  0.99505E+00    -0.26  -233.24   0.80744E+05       1.02431       1.02431
  1.900 0.143 0.147  0.63812E+05  0.98339E+00    -0.26  -223.11   0.64141E+05       1.02213       1.02214
  2.000 0.150 0.155  0.51975E+05  0.97034E+00    -0.27  -214.15   0.51457E+05       1.02029       1.02030
  2.100 0.158 0.163  0.42759E+05  0.95598E+00    -0.27  -206.17   0.41642E+05       1.01872       1.01872
  2.200 0.165 0.170  0.35499E+05  0.94037E+00    -0.28  -199.06   0.33962E+05       1.01736       1.01737
  2.300 0.173 0.178  0.29716E+05  0.92360E+00    -0.28  -192.69   0.27890E+05       1.01619       1.01620
  2.400 0.180 0.186  0.25064E+05  0.90574E+00    -0.29  -186.97   0.23046E+05       1.01517       1.01517
  2.500 0.188 0.194  0.21288E+05  0.88688E+00    -0.30  -181.81   0.19149E+05       1.01428       1.01428
  2.600 0.195 0.201  0.18197E+05  0.86710E+00    -0.30  -177.16   0.15991E+05       1.01350       1.01350
  2.700 0.203 0.209  0.15647E+05  0.84649E+00    -0.31  -172.96   0.13414E+05       1.01281       1.01281
  2.800 0.210 0.217  0.13528E+05  0.82515E+00    -0.32  -169.15   0.11299E+05       1.01220       1.01220
  2.900 0.218 0.225  0.11756E+05  0.80315E+00    -0.33  -165.70   0.95521E+04       1.01165       1.01166
  3.000 0.226 0.232  0.10265E+05  0.78059E+00    -0.34  -162.57   0.81025E+04       1.01117       1.01117
  3.100 0.233 0.240  0.90033E+04  0.75756E+00    -0.34  -159.73   0.68938E+04       1.01074       1.01074
  3.200 0.241 0.248  0.79295E+04  0.73413E+00    -0.35  -157.15   0.58816E+04       1.01036       1.01036
  3.300 0.248 0.256  0.70110E+04  0.71040E+00    -0.36  -154.81   0.50305E+04       1.01002       1.01002
  3.400 0.256 0.263  0.62218E+04  0.68645E+00    -0.37  -152.69   0.43124E+04       1.00971       1.00971
  3.500 0.263 0.271  0.55405E+04  0.66235E+00    -0.38  -150.76   0.37043E+04       1.00943       1.00944
  3.600 0.271 0.279  0.49500E+04  0.63818E+00    -0.39  -149.01   0.31880E+04       1.00919       1.00919
  3.700 0.278 0.287  0.44361E+04  0.61402E+00    -0.40  -147.44   0.27482E+04       1.00897       1.00897
  3.800 0.286 0.294  0.39871E+04  0.58993E+00    -0.41  -146.01   0.23728E+04       1.00877       1.00877
  3.900 0.293 0.302  0.35936E+04  0.56598E+00    -0.42  -144.73   0.20514E+04       1.00860       1.00860
  4.000 0.301 0.310  0.32474E+04  0.54224E+00    -0.43  -143.58   0.17757E+04       1.00844       1.00844
  4.100 0.308 0.317  0.29419E+04  0.51876E+00    -0.45  -142.56   0.15388E+04       1.00830       1.00830
  4.200 0.316 0.325  0.26715E+04  0.49559E+00    -0.46  -141.64   0.13348E+04       1.00818       1.00818
  4.300 0.323 0.333  0.24315E+04  0.47280E+00    -0.47  -140.83   0.11589E+04       1.00807       1.00807
  4.400 0.331 0.341  0.22178E+04  0.45043E+00    -0.48  -140.12   0.10069E+04       1.00798       1.00798
  4.500 0.338 0.348  0.20271E+04  0.42851E+00    -0.50  -139.49   0.87550E+03       1.00790       1.00790
  4.600 0.346 0.356  0.18565E+04  0.40709E+00    -0.51  -138.95   0.76167E+03       1.00783       1.00783
  4.700 0.353 0.364  0.17034E+04  0.38621E+00    -0.52  -138.48   0.66298E+03       1.00777       1.00777
  4.800 0.361 0.372  0.15658E+04  0.36589E+00    -0.54  -138.09   0.57733E+03       1.00772       1.00772
  4.900 0.368 0.379  0.14418E+04  0.34617E+00    -0.55  -137.76   0.50293E+03       1.00768       1.00768
  5.000 0.376 0.387  0.13298E+04  0.32706E+00    -0.56  -137.48   0.43826E+03       1.00765       1.00765
  5.100 0.383 0.395  0.12285E+04  0.30859E+00    -0.58  -137.26   0.38200E+03       1.00762       1.00762
  5.200 0.391 0.403  0.11367E+04  0.29077E+00    -0.59  -137.09   0.33303E+03       1.00761       1.00761
  5.300 0.398 0.410  0.10533E+04  0.27362E+00    -0.61  -136.95   0.29039E+03       1.00760       1.00760
  5.400 0.406 0.418  0.97736E+03  0.25715E+00    -0.62  -136.85   0.25323E+03       1.00759       1.00759
  5.500 0.413 0.426  0.90817E+03  0.24135E+00    -0.64  -136.78   0.22085E+03       1.00760       1.00760
  5.600 0.421 0.434  0.84499E+03  0.22624E+00    -0.65  -136.72   0.19263E+03       1.00760       1.00760
  5.700 0.428 0.441  0.78721E+03  0.21182E+00    -0.67  -136.68   0.16802E+03       1.00761       1.00761
  5.800 0.436 0.449  0.73429E+03  0.19808E+00    -0.68  -136.65   0.14656E+03       1.00763       1.00763
  5.900 0.443 0.457  0.68574E+03  0.18502E+00    -0.70  -136.61   0.12784E+03       1.00765       1.00765
  6.000 0.451 0.464  0.64113E+03  0.17262E+00    -0.71  -136.57   0.11152E+03       1.00767       1.00767
  6.100 0.458 0.472  0.60009E+03  0.16089E+00    -0.73  -136.50   0.97292E+02       1.00769       1.00769
  6.200 0.466 0.480  0.56229E+03  0.14981E+00    -0.74  -136.40   0.84884E+02       1.00771       1.00771
  6.300 0.473 0.488  0.52741E+03  0.13936E+00    -0.76  -136.26   0.74067E+02       1.00773       1.00773
  6.400 0.481 0.495  0.49519E+03  0.12953E+00    -0.77  -136.07   0.64639E+02       1.00775       1.00775
  6.500 0.488 0.503  0.46540E+03  0.12030E+00    -0.79  -135.81   0.56424E+02       1.00777       1.00777
  6.600 0.496 0.511  0.43781E+03  0.11166E+00    -0.80  -135.48   0.49267E+02       1.00779       1.00779
  6.700 0.503 0.519  0.41224E+03  0.10358E+00    -0.81  -135.05   0.43034E+02       1.00780       1.00780
  6.800 0.511 0.526  0.38851E+03  0.96049E-01    -0.82  -134.52   0.37607E+02       1.00780       1.00780
  6.900 0.518 0.534  0.36646E+03  0.89040E-01    -0.83  -133.87   0.32884E+02       1.00780       1.00780
  7.000 0.526 0.542  0.34595E+03  0.82532E-01    -0.84  -133.09   0.28774E+02       1.00779       1.00779
  7.100 0.533 0.550  0.32685E+03  0.76503E-01    -0.85  -132.15   0.25199E+02       1.00776       1.00776
  7.200 0.541 0.557  0.30906E+03  0.70930E-01    -0.86  -131.06   0.22091E+02       1.00773       1.00773
  7.300 0.548 0.565  0.29246E+03  0.65790E-01    -0.86  -129.79   0.19388E+02       1.00768       1.00768
  7.400 0.556 0.573  0.27696E+03  0.61060E-01    -0.86  -128.33   0.17040E+02       1.00761       1.00761
  7.500 0.563 0.580  0.26247E+03  0.56716E-01    -0.86  -126.68   0.14998E+02       1.00753       1.00753
  7.600 0.571 0.588  0.24891E+03  0.52736E-01    -0.86  -124.84   0.13224E+02       1.00743       1.00743
  7.700 0.578 0.596  0.23622E+03  0.49097E-01    -0.86  -122.79   0.11683E+02       1.00731       1.00731
  7.800 0.586 0.604  0.22433E+03  0.45777E-01    -0.85  -120.54   0.10343E+02       1.00717       1.00717
  7.900 0.593 0.611  0.21318E+03  0.42753E-01    -0.84  -118.11   0.91778E+01       1.00700       1.00700
  8.000 0.601 0.619  0.20271E+03  0.40004E-01    -0.83  -115.49   0.81644E+01       1.00682       1.00682
  8.100 0.608 0.627  0.19287E+03  0.37509E-01    -0.82  -112.72   0.72825E+01       1.00662       1.00662
  8.200 0.616 0.635  0.18363E+03  0.35249E-01    -0.81  -109.82   0.65141E+01       1.00640       1.00640
  8.300 0.623 0.642  0.17493E+03  0.33203E-01    -0.79  -106.80   0.58440E+01       1.00616       1.00616
  8.400 0.631 0.650  0.16674E+03  0.31353E-01    -0.77  -103.72   0.52588E+01       1.00591       1.00591
  8.500 0.638 0.658  0.15902E+03  0.29682E-01    -0.76  -100.59   0.47468E+01       1.00564       1.00565
  8.600 0.646 0.665  0.15175E+03  0.28172E-01    -0.74   -97.47   0.42981E+01       1.00537       1.00537
  8.700 0.653 0.673  0.14489E+03  0.26808E-01    -0.72   -94.39   0.39039E+01       1.00509       1.00509
  8.800 0.661 0.681  0.13840E+03  0.25574E-01    -0.70   -91.39   0.35566E+01       1.00480       1.00480
  8.900 0.668 0.689  0.13228E+03  0.24456E-01    -0.68   -88.51   0.32497E+01       1.00452       1.00452
  9.000 0.676 0.696  0.12649E+03  0.23441E-01    -0.66   -85.78   0.29777E+01       1.00424       1.00424
  9.100 0.683 0.704  0.12102E+03  0.22517E-01    -0.64   -83.23   0.27358E+01       1.00396       1.00396
  9.200 0.691 0.712  0.11584E+03  0.21671E-01    -0.63   -80.88   0.25196E+01       1.00370       1.00370
  9.300 0.698 0.719  0.11093E+03  0.20894E-01    -0.62   -78.75   0.23258E+01       1.00345       1.00345
  9.400 0.706 0.727  0.10628E+03  0.20177E-01    -0.60   -76.87   0.21512E+01       1.00321       1.00321
  9.500 0.713 0.735  0.10187E+03  0.19509E-01    -0.60   -75.23   0.19933E+01       1.00299       1.00299
  9.600 0.721 0.743  0.97685E+02  0.18884E-01    -0.59   -73.84   0.18498E+01       1.00279       1.00279
  9.700 0.728 0.750  0.93714E+02  0.18294E-01    -0.58   -72.69   0.17188E+01       1.00260       1.00260
  9.800 0.736 0.758  0.89942E+02  0.17733E-01    -0.58   -71.80   0.15988E+01       1.00244       1.00244
  9.900 0.743 0.766  0.86359E+02  0.17195E-01    -0.58   -71.14   0.14883E+01       1.00229       1.00229
 10.000 0.751 0.773  0.82951E+02  0.16676E-01    -0.59   -70.70   0.13863E+01       1.00216       1.00217
 10.100 0.758 0.781  0.79711E+02  0.16171E-01    -0.59   -70.49   0.12917E+01       1.00206       1.00206
 10.200 0.766 0.789  0.76626E+02  0.15678E-01    -0.60   -70.47   0.12037E+01       1.00197       1.00197
 10.300 0.773 0.797  0.73690E+02  0.15192E-01    -0.61   -70.65   0.11216E+01       1.00190       1.00190
 10.400 0.781 0.804  0.70892E+02  0.14712E-01    -0.62   -71.00   0.10449E+01       1.00184       1.00184
 10.500 0.788 0.812  0.68226E+02  0.14236E-01    -0.64   -71.52   0.97299E+00       1.00180       1.00180
 10.600 0.796 0.820  0.65684E+02  0.13761E-01    -0.65   -72.19   0.90552E+00       1.00178       1.00178
 10.700 0.803 0.827  0.63259E+02  0.13289E-01    -0.67   -73.00   0.84211E+00       1.00177       1.00177
 10.800 0.811 0.835  0.60945E+02  0.12816E-01    -0.69   -73.93   0.78248E+00       1.00178       1.00178
 10.900 0.818 0.843  0.58736E+02  0.12344E-01    -0.71   -74.98   0.72635E+00       1.00180       1.00180
 11.000 0.826 0.851  0.56626E+02  0.11872E-01    -0.74   -76.14   0.67352E+00       1.00183       1.00183
 11.100 0.833 0.858  0.54609E+02  0.11401E-01    -0.76   -77.39   0.62378E+00       1.00188       1.00188
 11.200 0.841 0.866  0.52682E+02  0.10931E-01    -0.79   -78.73   0.57697E+00       1.00193       1.00194
 11.300 0.848 0.874  0.50839E+02  0.10462E-01    -0.81   -80.15   0.53295E+00       1.00200       1.00200
 11.400 0.856 0.881  0.49075E+02  0.99959E-02    -0.84   -81.65   0.49157E+00       1.00208       1.00208
 11.500 0.863 0.889  0.47388E+02  0.95329E-02    -0.87   -83.20   0.45272E+00       1.00217       1.00217
 11.600 0.871 0.897  0.45772E+02  0.90742E-02    -0.90   -84.82   0.41628E+00       1.00227       1.00227
 11.700 0.878 0.905  0.44224E+02  0.86208E-02    -0.94   -86.49   0.38215E+00       1.00238       1.00238
 11.800 0.886 0.912  0.42741E+02  0.81738E-02    -0.97   -88.21   0.35023E+00       1.00249       1.00249
 11.900 0.893 0.920  0.41320E+02  0.77344E-02    -1.00   -89.97   0.32042E+00       1.00262       1.00262
 12.000 0.901 0.928  0.39957E+02  0.73035E-02    -1.04   -91.76   0.29263E+00       1.00275       1.00275
 12.100 0.908 0.935  0.38650E+02  0.68822E-02    -1.07   -93.58   0.26677E+00       1.00290       1.00289
 12.200 0.915 0.943  0.37396E+02  0.64716E-02    -1.11   -95.42   0.24275E+00       1.00305       1.00305
 12.300 0.923 0.951  0.36193E+02  0.60726E-02    -1.15   -97.28   0.22049E+00       1.00321       1.00321
 12.400 0.930 0.958  0.35037E+02  0.56861E-02    -1.19   -99.15   0.19990E+00       1.00337       1.00337
 12.500 0.938 0.966  0.33927E+02  0.53129E-02    -1.22  -101.02   0.18089E+00       1.00355       1.00355
 12.600 0.945 0.974  0.32860E+02  0.49537E-02    -1.26  -102.87   0.16339E+00       1.00373       1.00373
 12.700 0.953 0.982  0.31835E+02  0.46091E-02    -1.30  -104.70   0.14731E+00       1.00392       1.00392
 12.800 0.960 0.989  0.30850E+02  0.42797E-02    -1.34  -106.49   0.13257E+00       1.00412       1.00412
 12.900 0.968 0.997  0.29903E+02  0.39658E-02    -1.38  -108.23   0.11910E+00       1.00432       1.00432
 13.000 0.975 1.005  0.28991E+02  0.36678E-02    -1.41  -109.89   0.10682E+00       1.00453       1.00453
 13.100 0.983 1.012  0.28114E+02  0.33859E-02    -1.45  -111.46   0.95643E-01       1.00474       1.00474
 13.200 0.990 1.020  0.27270E+02  0.31203E-02    -1.49  -112.91   0.85511E-01       1.00496       1.00496
 13.300 0.998 1.028  0.26457E+02  0.28708E-02    -1.52  -114.21   0.76347E-01       1.00518       1.00518
 13.400 1.005 1.035  0.25674E+02  0.26376E-02    -1.55  -115.32   0.68082E-01       1.00539       1.00539
 13.500 1.013 1.043  0.24920E+02  0.24203E-02    -1.58  -116.21   0.60651E-01       1.00561       1.00561
 13.600 1.020 1.051  0.24193E+02  0.22187E-02    -1.60  -116.82   0.53991E-01       1.00581       1.00581
 13.700 1.028 1.058  0.23493E+02  0.20326E-02    -1.62  -117.12   0.48039E-01       1.00601       1.00601
 13.800 1.035 1.066  0.22818E+02  0.18614E-02    -1.63  -117.05   0.42737E-01       1.00620       1.00620
 13.900 1.042 1.074  0.22167E+02  0.17048E-02    -1.63  -116.55   0.38031E-01       1.00636       1.00636
 14.000 1.050 1.082  0.21539E+02  0.15622E-02    -1.63  -115.56   0.33867E-01       1.00650       1.00650
 14.100 1.057 1.089  0.20932E+02  0.14331E-02    -1.62  -114.04   0.30196E-01       1.00661       1.00661
 14.200 1.065 1.097  0.20347E+02  0.13167E-02    -1.60  -111.93   0.26970E-01       1.00669       1.00669
 14.300 1.072 1.105  0.19783E+02  0.12125E-02    -1.57  -109.19   0.24147E-01       1.00672       1.00672
 14.400 1.080 1.112  0.19237E+02  0.11197E-02    -1.52  -105.81   0.21684E-01       1.00670       1.00670
 14.500 1.087 1.120  0.18711E+02  0.10377E-02    -1.47  -101.77   0.19544E-01       1.00662       1.00662
 14.600 1.095 1.128  0.18202E+02  0.96564E-03    -1.40   -97.12   0.17690E-01       1.00648       1.00648
 14.700 1.102 1.135  0.17710E+02  0.90290E-03    -1.33   -91.91   0.16091E-01       1.00628       1.00628
 14.800 1.110 1.143  0.17235E+02  0.84871E-03    -1.24   -86.22   0.14716E-01       1.00602       1.00602
 14.900 1.117 1.151  0.16776E+02  0.80232E-03    -1.15   -80.18   0.13536E-01       1.00570       1.00570
 15.000 1.124 1.158  0.16332E+02  0.76301E-03    -1.05   -73.93   0.12528E-01       1.00533       1.00533
 15.100 1.132 1.166  0.15902E+02  0.73008E-03    -0.95   -67.63   0.11667E-01       1.00492       1.00492
 15.200 1.139 1.174  0.15486E+02  0.70283E-03    -0.85   -61.45   0.10933E-01       1.00447       1.00447
 15.300 1.147 1.181  0.15084E+02  0.68059E-03    -0.75   -55.54   0.10307E-01       1.00400       1.00400
 15.400 1.154 1.189  0.14695E+02  0.66272E-03    -0.66   -50.04   0.97729E-02       1.00352       1.00352
 15.500 1.162 1.197  0.14318E+02  0.64860E-03    -0.58   -45.06   0.93151E-02       1.00304       1.00304
 15.600 1.169 1.204  0.13954E+02  0.63765E-03    -0.50   -40.68   0.89206E-02       1.00258       1.00259
 15.700 1.177 1.212  0.13600E+02  0.62934E-03    -0.44   -36.95   0.85776E-02       1.00215       1.00215
 15.800 1.184 1.220  0.13258E+02  0.62315E-03    -0.39   -33.89   0.82762E-02       1.00174       1.00174
 15.900 1.192 1.227  0.12927E+02  0.61861E-03    -0.35   -31.49   0.80075E-02       1.00136       1.00136
 16.000 1.199 1.235  0.12605E+02  0.61529E-03    -0.32   -29.72   0.77639E-02       1.00103       1.00103
 16.100 1.206 1.243  0.12294E+02  0.61279E-03    -0.30   -28.54   0.75392E-02       1.00073       1.00073
 16.200 1.214 1.250  0.11992E+02  0.61075E-03    -0.29   -27.90   0.73279E-02       1.00047       1.00047
 16.300 1.221 1.258  0.11700E+02  0.60888E-03    -0.29   -27.74   0.71255E-02       1.00025       1.00025
 16.400 1.229 1.266  0.11416E+02  0.60687E-03    -0.30   -28.02   0.69286E-02       1.00007       1.00007
 16.500 1.236 1.273  0.11141E+02  0.60451E-03    -0.32   -28.67   0.67341E-02       0.99992       0.99992
 16.600 1.244 1.281  0.10874E+02  0.60157E-03    -0.34   -29.64   0.65400E-02       0.99980       0.99980
 16.700 1.251 1.289  0.10615E+02  0.59789E-03    -0.37   -30.89   0.63446E-02       0.99971       0.99971
 16.800 1.258 1.296  0.10363E+02  0.59333E-03    -0.40   -32.38   0.61468E-02       0.99965       0.99965
 16.900 1.266 1.304  0.10119E+02  0.58780E-03    -0.44   -34.07   0.59458E-02       0.99962       0.99962
 17.000 1.273 1.312  0.98824E+01  0.58120E-03    -0.48   -35.92   0.57413E-02       0.99960       0.99960
 17.100 1.281 1.319  0.96524E+01  0.57349E-03    -0.52   -37.91   0.55333E-02       0.99960       0.99961
 17.200 1.288 1.327  0.94290E+01  0.56464E-03    -0.57   -40.02   0.53220E-02       0.99963       0.99963
 17.300 1.296 1.335  0.92120E+01  0.55466E-03    -0.61   -42.23   0.51078E-02       0.99967       0.99966
 17.400 1.303 1.342  0.90013E+01  0.54355E-03    -0.66   -44.52   0.48913E-02       0.99972       0.99972
 17.500 1.311 1.350  0.87965E+01  0.53137E-03    -0.72   -46.88   0.46732E-02       0.99979       0.99979
 17.600 1.318 1.358  0.85974E+01  0.51815E-03    -0.77   -49.29   0.44541E-02       0.99987       0.99987
 17.700 1.325 1.365  0.84040E+01  0.50396E-03    -0.83   -51.75   0.42351E-02       0.99996       0.99996
 17.800 1.333 1.373  0.82160E+01  0.48889E-03    -0.89   -54.25   0.40169E-02       1.00006       1.00006
 17.900 1.340 1.381  0.80331E+01  0.47301E-03    -0.94   -56.79   0.38004E-02       1.00017       1.00017
 18.000 1.348 1.388  0.78553E+01  0.45643E-03    -1.00   -59.35   0.35865E-02       1.00030       1.00030
 18.100 1.355 1.396  0.76824E+01  0.43924E-03    -1.06   -61.94   0.33759E-02       1.00043       1.00043
 18.200 1.362 1.404  0.75143E+01  0.42155E-03    -1.13   -64.56   0.31694E-02       1.00057       1.00057
 18.300 1.370 1.411  0.73506E+01  0.40346E-03    -1.19   -67.19   0.29678E-02       1.00072       1.00072
 18.400 1.377 1.419  0.71914E+01  0.38508E-03    -1.25   -69.84   0.27717E-02       1.00088       1.00088
 18.500 1.385 1.426  0.70365E+01  0.36652E-03    -1.32   -72.51   0.25817E-02       1.00105       1.00105
 18.600 1.392 1.434  0.68857E+01  0.34788E-03    -1.38   -75.19   0.23984E-02       1.00123       1.00123
 18.700 1.400 1.442  0.67389E+01  0.32927E-03    -1.45   -77.88   0.22221E-02       1.00141       1.00142
 18.800 1.407 1.449  0.65960E+01  0.31078E-03    -1.52   -80.58   0.20532E-02       1.00161       1.00161
 18.900 1.414 1.457  0.64569E+01  0.29251E-03    -1.59   -83.28   0.18921E-02       1.00182       1.00182
 19.000 1.422 1.465  0.63214E+01  0.27453E-03    -1.66   -85.98   0.17389E-02       1.00203       1.00203
 19.100 1.429 1.472  0.61894E+01  0.25694E-03    -1.72   -88.67   0.15939E-02       1.00226       1.00226
 19.200 1.437 1.480  0.60609E+01  0.23980E-03    -1.79   -91.35   0.14570E-02       1.00249       1.00249
 19.300 1.444 1.488  0.59356E+01  0.22319E-03    -1.86   -94.00   0.13284E-02       1.00274       1.00274
 19.400 1.451 1.495  0.58136E+01  0.20716E-03    -1.93   -96.61   0.12079E-02       1.00299       1.00300
 19.500 1.459 1.503  0.56946E+01  0.19176E-03    -2.00   -99.17   0.10956E-02       1.00326       1.00326
 19.600 1.466 1.510  0.55787E+01  0.17705E-03    -2.07  -101.64   0.99119E-03       1.00354       1.00354
 19.700 1.474 1.518  0.54657E+01  0.16305E-03    -2.14  -104.02   0.89458E-03       1.00382       1.00382
 19.800 1.481 1.526  0.53556E+01  0.14979E-03    -2.20  -106.25   0.80553E-03       1.00412       1.00412
 19.900 1.488 1.533  0.52482E+01  0.13730E-03    -2.26  -108.31   0.72379E-03       1.00443       1.00443
 20.000 1.496 1.541  0.51435E+01  0.12560E-03    -2.31  -110.15   0.64908E-03       1.00474       1.00474
 20.100 1.503 1.549  0.50413E+01  0.11469E-03    -2.36  -111.70   0.58110E-03       1.00505       1.00505
 20.200 1.511 1.556  0.49417E+01  0.10457E-03    -2.40  -112.90   0.51952E-03       1.00537       1.00537
 20.300 1.518 1.564  0.48445E+01  0.95237E-04    -2.43  -113.68   0.46400E-03       1.00568       1.00568
 20.400 1.525 1.571  0.47497E+01  0.86685E-04    -2.45  -113.92   0.41419E-03       1.00598       1.00598
 20.500 1.533 1.579  0.46572E+01  0.78898E-04    -2.46  -113.55   0.36975E-03       1.00627       1.00627
 20.600 1.540 1.587  0.45669E+01  0.71857E-04    -2.45  -112.44   0.33031E-03       1.00653       1.00653
 20.700 1.548 1.594  0.44788E+01  0.65537E-04    -2.41  -110.50   0.29551E-03       1.00676       1.00676
 20.800 1.555 1.602  0.43928E+01  0.59911E-04    -2.36  -107.62   0.26500E-03       1.00694       1.00694
 20.900 1.562 1.610  0.43089E+01  0.54948E-04    -2.27  -103.72   0.23844E-03       1.00706       1.00706
 21.000 1.570 1.617  0.42269E+01  0.50616E-04    -2.17   -98.75   0.21547E-03       1.00711       1.00711
 21.100 1.577 1.625  0.41469E+01  0.46879E-04    -2.03   -92.72   0.19578E-03       1.00707       1.00707
 21.200 1.585 1.632  0.40687E+01  0.43699E-04    -1.87   -85.68   0.17903E-03       1.00694       1.00694
 21.300 1.592 1.640  0.39924E+01  0.41037E-04    -1.68   -77.77   0.16493E-03       1.00672       1.00672
 21.400 1.599 1.648  0.39178E+01  0.38853E-04    -1.48   -69.19   0.15319E-03       1.00639       1.00640
 21.500 1.607 1.655  0.38450E+01  0.37108E-04    -1.27   -60.21   0.14353E-03       1.00598       1.00598
 21.600 1.614 1.663  0.37739E+01  0.35761E-04    -1.05   -51.13   0.13570E-03       1.00549       1.00549
 21.700 1.622 1.670  0.37044E+01  0.34771E-04    -0.83   -42.27   0.12944E-03       1.00493       1.00493
 21.800 1.629 1.678  0.36364E+01  0.34098E-04    -0.63   -33.91   0.12453E-03       1.00434       1.00434
 21.900 1.636 1.686  0.35700E+01  0.33704E-04    -0.44   -26.32   0.12077E-03       1.00372       1.00372
 22.000 1.644 1.693  0.35052E+01  0.33551E-04    -0.27   -19.65   0.11797E-03       1.00311       1.00311
 22.100 1.651 1.701  0.34417E+01  0.33602E-04    -0.13   -14.03   0.11594E-03       1.00251       1.00251
 22.200 1.658 1.708  0.33797E+01  0.33821E-04    -0.01    -9.48   0.11453E-03       1.00195       1.00195
 22.300 1.666 1.716  0.33191E+01  0.34176E-04     0.08    -6.00   0.11360E-03       1.00144       1.00144
 22.400 1.673 1.724  0.32599E+01  0.34635E-04     0.14    -3.52   0.11301E-03       1.00097       1.00097
 22.500 1.681 1.731  0.32019E+01  0.35168E-04     0.18    -1.95   0.11267E-03       1.00055       1.00055
 22.600 1.688 1.739  0.31452E+01  0.35748E-04     0.20    -1.18   0.11246E-03       1.00019       1.00019
 22.700 1.695 1.746  0.30898E+01  0.36350E-04     0.20    -1.12   0.11230E-03       0.99988       0.99988
 22.800 1.703 1.754  0.30356E+01  0.36949E-04     0.19    -1.65   0.11212E-03       0.99961       0.99961
 22.900 1.710 1.762  0.29825E+01  0.37527E-04     0.16    -2.68   0.11186E-03       0.99940       0.99940
 23.000 1.717 1.769  0.29306E+01  0.38063E-04     0.12    -4.12   0.11146E-03       0.99922       0.99922
 23.100 1.725 1.777  0.28799E+01  0.38541E-04     0.07    -5.90   0.11089E-03       0.99907       0.99907
 23.200 1.732 1.784  0.28302E+01  0.38948E-04     0.02    -7.95   0.11012E-03       0.99897       0.99897
 23.300 1.739 1.792  0.27815E+01  0.39271E-04    -0.05   -10.22   0.10911E-03       0.99889       0.99889
 23.400 1.747 1.799  0.27340E+01  0.39500E-04    -0.11   -12.67   0.10787E-03       0.99883       0.99883
 23.500 1.754 1.807  0.26874E+01  0.39628E-04    -0.18   -15.26   0.10637E-03       0.99880       0.99880
 23.600 1.762 1.815  0.26418E+01  0.39648E-04    -0.26   -17.96   0.10462E-03       0.99879       0.99879
 23.700 1.769 1.822  0.25971E+01  0.39557E-04    -0.34   -20.75   0.10261E-03       0.99880       0.99880
 23.800 1.776 1.830  0.25534E+01  0.39351E-04    -0.42   -23.62   0.10036E-03       0.99882       0.99882
 23.900 1.784 1.837  0.25107E+01  0.39031E-04    -0.50   -26.54   0.97882E-04       0.99886       0.99886
 24.000 1.791 1.845  0.24687E+01  0.38597E-04    -0.59   -29.51   0.95182E-04       0.99891       0.99891
 24.100 1.798 1.852  0.24277E+01  0.38050E-04    -0.68   -32.53   0.92281E-04       0.99898       0.99898
 24.200 1.806 1.860  0.23875E+01  0.37395E-04    -0.77   -35.58   0.89198E-04       0.99906       0.99906
 24.300 1.813 1.868  0.23482E+01  0.36637E-04    -0.86   -38.67   0.85955E-04       0.99915       0.99915
 24.400 1.820 1.875  0.23096E+01  0.35780E-04    -0.95   -41.79   0.82574E-04       0.99924       0.99924
 24.500 1.828 1.883  0.22718E+01  0.34831E-04    -1.05   -44.95   0.79078E-04       0.99935       0.99936
 24.600 1.835 1.890  0.22348E+01  0.33797E-04    -1.14   -48.15   0.75491E-04       0.99947       0.99948
 24.700 1.842 1.898  0.21985E+01  0.32687E-04    -1.24   -51.38   0.71836E-04       0.99961       0.99961
 24.800 1.850 1.905  0.21630E+01  0.31509E-04    -1.34   -54.66   0.68136E-04       0.99975       0.99975
 24.900 1.857 1.913  0.21282E+01  0.30271E-04    -1.44   -57.98   0.64415E-04       0.99990       0.99990
 25.000 1.864 1.921  0.20940E+01  0.28982E-04    -1.55   -61.36   0.60694E-04       1.00006       1.00007
